2022-07-08 16:38:51,958 INFO (StartupInfoLogger.java:55)- Starting TktestApplicationTests on DESKTOP-8OUSO50 with PID 16928 (started by ejchen in D:\MyWorkSpace\MyTech\tkmapper_generate)
2022-07-08 16:38:51,960 INFO (SpringApplication.java:651)- No active profile set, falling back to default profiles: default
2022-07-08 16:38:52,474 WARN (ClassPathMapperScanner.java:146)- No MyBatis mapper was found in '[com.myxx.tktest]' package. Please check your configuration.
2022-07-08 16:38:52,577 WARN (Logger.java:44)- No MyBatis mapper was found in '[com.myxx.tktest]' package. Please check your configuration.
2022-07-08 16:38:52,578 INFO (ConfigurationClassPostProcessor.java:409)- Cannot enhance @Configuration bean definition 'idConfig' since its singleton instance has been created too early. The typical cause is a non-static @Bean method with a BeanDefinitionRegistryPostProcessor return type: Consider declaring such methods as 'static'.
2022-07-08 16:38:54,138 INFO (ExecutorConfigurationSupport.java:171)- Initializing ExecutorService 'applicationTaskExecutor'
2022-07-08 16:38:54,337 INFO (MapperCacheDisabler.java:60)- Clear tk.mybatis.mapper.util.MsUtil CLASS_CACHE cache.
2022-07-08 16:38:54,338 INFO (MapperCacheDisabler.java:60)- Clear tk.mybatis.mapper.genid.GenIdUtil CACHE cache.
2022-07-08 16:38:54,339 INFO (MapperCacheDisabler.java:60)- Clear tk.mybatis.mapper.version.VersionUtil CACHE cache.
2022-07-08 16:38:54,339 INFO (MapperCacheDisabler.java:83)- Clear EntityHelper entityTableMap cache.
2022-07-08 16:38:54,516 INFO (StartupInfoLogger.java:61)- Started TktestApplicationTests in 2.921 seconds (JVM running for 3.788)
2022-07-08 16:38:54,763 INFO (ExecutorConfigurationSupport.java:208)- Shutting down ExecutorService 'applicationTaskExecutor'
2022-07-08 17:11:29,121 INFO (StartupInfoLogger.java:55)- Starting TktestApplicationTests on DESKTOP-8OUSO50 with PID 22060 (started by ejchen in D:\MyWorkSpace\MyTech\tkmapper_generate)
2022-07-08 17:11:29,123 INFO (SpringApplication.java:651)- No active profile set, falling back to default profiles: default
2022-07-08 17:11:29,595 WARN (ClassPathMapperScanner.java:146)- No MyBatis mapper was found in '[com.myxx.tktest]' package. Please check your configuration.
2022-07-08 17:11:29,696 WARN (Logger.java:44)- No MyBatis mapper was found in '[com.myxx.tktest]' package. Please check your configuration.
2022-07-08 17:11:29,697 INFO (ConfigurationClassPostProcessor.java:409)- Cannot enhance @Configuration bean definition 'idConfig' since its singleton instance has been created too early. The typical cause is a non-static @Bean method with a BeanDefinitionRegistryPostProcessor return type: Consider declaring such methods as 'static'.
2022-07-08 17:11:31,208 INFO (ExecutorConfigurationSupport.java:171)- Initializing ExecutorService 'applicationTaskExecutor'
2022-07-08 17:11:31,402 INFO (MapperCacheDisabler.java:60)- Clear tk.mybatis.mapper.util.MsUtil CLASS_CACHE cache.
2022-07-08 17:11:31,403 INFO (MapperCacheDisabler.java:60)- Clear tk.mybatis.mapper.genid.GenIdUtil CACHE cache.
2022-07-08 17:11:31,404 INFO (MapperCacheDisabler.java:60)- Clear tk.mybatis.mapper.version.VersionUtil CACHE cache.
2022-07-08 17:11:31,404 INFO (MapperCacheDisabler.java:83)- Clear EntityHelper entityTableMap cache.
2022-07-08 17:11:31,577 INFO (StartupInfoLogger.java:61)- Started TktestApplicationTests in 2.789 seconds (JVM running for 3.639)
2022-07-08 17:11:31,782 INFO (ExecutorConfigurationSupport.java:208)- Shutting down ExecutorService 'applicationTaskExecutor'
2022-07-08 17:25:22,300 INFO (StartupInfoLogger.java:55)- Starting TktestApplicationTests on DESKTOP-8OUSO50 with PID 2192 (started by ejchen in D:\MyWorkSpace\MyTech\tkmapper_generate)
2022-07-08 17:25:22,300 INFO (SpringApplication.java:651)- No active profile set, falling back to default profiles: default
2022-07-08 17:25:22,769 WARN (ClassPathMapperScanner.java:146)- No MyBatis mapper was found in '[com.myxx.tktest]' package. Please check your configuration.
2022-07-08 17:25:22,865 WARN (Logger.java:44)- No MyBatis mapper was found in '[com.myxx.tktest]' package. Please check your configuration.
2022-07-08 17:25:22,865 INFO (ConfigurationClassPostProcessor.java:409)- Cannot enhance @Configuration bean definition 'idConfig' since its singleton instance has been created too early. The typical cause is a non-static @Bean method with a BeanDefinitionRegistryPostProcessor return type: Consider declaring such methods as 'static'.
2022-07-08 17:25:24,321 INFO (ExecutorConfigurationSupport.java:171)- Initializing ExecutorService 'applicationTaskExecutor'
2022-07-08 17:25:24,512 INFO (MapperCacheDisabler.java:60)- Clear tk.mybatis.mapper.util.MsUtil CLASS_CACHE cache.
2022-07-08 17:25:24,512 INFO (MapperCacheDisabler.java:60)- Clear tk.mybatis.mapper.genid.GenIdUtil CACHE cache.
2022-07-08 17:25:24,512 INFO (MapperCacheDisabler.java:60)- Clear tk.mybatis.mapper.version.VersionUtil CACHE cache.
2022-07-08 17:25:24,512 INFO (MapperCacheDisabler.java:83)- Clear EntityHelper entityTableMap cache.
2022-07-08 17:25:24,693 INFO (StartupInfoLogger.java:61)- Started TktestApplicationTests in 2.698 seconds (JVM running for 3.526)
2022-07-08 17:25:24,884 INFO (ExecutorConfigurationSupport.java:208)- Shutting down ExecutorService 'applicationTaskExecutor'
2022-07-08 19:22:07,134 INFO (StartupInfoLogger.java:55)- Starting TktestApplicationTests on DESKTOP-8OUSO50 with PID 13744 (started by ejchen in D:\MyWorkSpace\MyTech\tkmapper_generate)
2022-07-08 19:22:07,138 INFO (SpringApplication.java:651)- No active profile set, falling back to default profiles: default
2022-07-08 19:22:07,600 WARN (ClassPathMapperScanner.java:146)- No MyBatis mapper was found in '[com.myxx.tktest]' package. Please check your configuration.
2022-07-08 19:22:07,697 WARN (Logger.java:44)- No MyBatis mapper was found in '[com.myxx.tktest]' package. Please check your configuration.
2022-07-08 19:22:07,697 INFO (ConfigurationClassPostProcessor.java:409)- Cannot enhance @Configuration bean definition 'idConfig' since its singleton instance has been created too early. The typical cause is a non-static @Bean method with a BeanDefinitionRegistryPostProcessor return type: Consider declaring such methods as 'static'.
2022-07-08 19:22:09,184 INFO (ExecutorConfigurationSupport.java:171)- Initializing ExecutorService 'applicationTaskExecutor'
2022-07-08 19:22:09,368 INFO (MapperCacheDisabler.java:60)- Clear tk.mybatis.mapper.util.MsUtil CLASS_CACHE cache.
2022-07-08 19:22:09,368 INFO (MapperCacheDisabler.java:60)- Clear tk.mybatis.mapper.genid.GenIdUtil CACHE cache.
2022-07-08 19:22:09,368 INFO (MapperCacheDisabler.java:60)- Clear tk.mybatis.mapper.version.VersionUtil CACHE cache.
2022-07-08 19:22:09,368 INFO (MapperCacheDisabler.java:83)- Clear EntityHelper entityTableMap cache.
2022-07-08 19:22:09,532 INFO (StartupInfoLogger.java:61)- Started TktestApplicationTests in 2.715 seconds (JVM running for 3.502)
2022-07-08 19:22:09,738 INFO (ExecutorConfigurationSupport.java:208)- Shutting down ExecutorService 'applicationTaskExecutor'
